<?xml version="1.0" encoding="UTF-8"?>
<testsuite xmlns:xsi="http://www.w3.org/2001/XMLSchema-instance" xsi:noNamespaceSchemaLocation="https://maven.apache.org/surefire/maven-surefire-plugin/xsd/surefire-test-report.xsd" name="runner.RunCukesTest" time="10.796" tests="55" errors="4" skipped="37" failures="0">
  <properties>
[...]
</properties>
  <testcase name="Given is the URL &quot;http://localhost:8100&quot;." classname="Scenario: This scenario is used to check the availability of the Web site." time="0.002"/>
  <testcase name="When the URL is entered in the browser," classname="Scenario: This scenario is used to check the availability of the Web site." time="0"/>
  <testcase name="Then the TaleTime startpage should appear." classname="Scenario: This scenario is used to check the availability of the Web site." time="0"/>
  <testcase name="Scenario: This scenario is used to check the availability of the Web site." classname="Scenario: This scenario is used to check the availability of the Web site." time="0"/>
  <testcase name="Given is the URL &quot;http://localhost:8100&quot;." classname="Scenario: This scenario checks if the user can navigate from the start page to the Registration-Form" time="0"/>
  <testcase name="When the user clicks on Registration-Button" classname="Scenario: This scenario checks if the user can navigate from the start page to the Registration-Form" time="0"/>
  <testcase name="Then the Registration-Form should open" classname="Scenario: This scenario checks if the user can navigate from the start page to the Registration-Form" time="0.014">
    <error message="no such element: Unable to locate element: {&quot;method&quot;:&quot;id&quot;,&quot;selector&quot;:&quot;createAccountNameInput&quot;}&#10;  (Session info: chrome=79.0.3945.130)&#10;  (Driver info: OperaDriver=79.0.3945.79 (29f75ce3f42b007bd80361b0dfcfee3a13ff90b8-refs/branch-heads/3945@{#916}),platform=Windows NT 10.0.18363 x86_64) (WARNING: The server did not provide any stacktrace information)&#10;Command duration or timeout: 0 milliseconds&#10;For documentation on this error, please visit: https://www.seleniumhq.org/exceptions/no_such_element.html&#10;Build info: version: &apos;3.141.59&apos;, revision: &apos;e82be7d358&apos;, time: &apos;2018-11-14T08:17:03&apos;&#10;System info: host: &apos;MESUT&apos;, ip: &apos;192.168.56.1&apos;, os.name: &apos;Windows 10&apos;, os.arch: &apos;amd64&apos;, os.version: &apos;10.0&apos;, java.version: &apos;1.8.0_111&apos;&#10;Driver info: org.openqa.selenium.opera.OperaDriver&#10;Capabilities {acceptInsecureCerts: false, acceptSslCerts: false, applicationCacheEnabled: false, browserConnectionEnabled: false, browserName: chrome, chrome: {chromedriverVersion: 79.0.3945.79 (29f75ce3f42b0..., userDataDir: C:\Users\Mesut\AppData\Loca...}, cssSelectorsEnabled: true, databaseEnabled: false, goog:chromeOptions: {debuggerAddress: localhost:55692}, handlesAlerts: true, hasTouchScreen: false, javascriptEnabled: true, locationContextEnabled: true, mobileEmulationEnabled: false, nativeEvents: true, networkConnectionEnabled: false, pageLoadStrategy: normal, platform: WINDOWS, platformName: WINDOWS, proxy: Proxy(), rotatable: false, setWindowRect: true, strictFileInteractability: false, takesHeapSnapshot: true, takesScreenshot: true, timeouts: {implicit: 0, pageLoad: 300000, script: 30000}, unexpectedAlertBehaviour: ignore, unhandledPromptBehavior: ignore, version: 79.0.3945.130, webStorageEnabled: true}&#10;Session ID: f57402bec356e46997ba276a34b6a012&#10;*** Element info: {Using=id, value=createAccountNameInput}" type="org.openqa.selenium.NoSuchElementException">org.openqa.selenium.NoSuchElementException: 
no such element: Unable to locate element: {"method":"id","selector":"createAccountNameInput"}
  (Session info: chrome=79.0.3945.130)
  (Driver info: OperaDriver=79.0.3945.79 (29f75ce3f42b007bd80361b0dfcfee3a13ff90b8-refs/branch-heads/3945@{#916}),platform=Windows NT 10.0.18363 x86_64) (WARNING: The server did not provide any stacktrace information)
Command duration or timeout: 0 milliseconds
For documentation on this error, please visit: https://www.seleniumhq.org/exceptions/no_such_element.html
Build info: version: '3.141.59', revision: 'e82be7d358', time: '2018-11-14T08:17:03'
System info: host: 'MESUT', ip: '192.168.56.1', os.name: 'Windows 10', os.arch: 'amd64', os.version: '10.0', java.version: '1.8.0_111'
Driver info: org.openqa.selenium.opera.OperaDriver
Capabilities {acceptInsecureCerts: false, acceptSslCerts: false, applicationCacheEnabled: false, browserConnectionEnabled: false, browserName: chrome, chrome: {chromedriverVersion: 79.0.3945.79 (29f75ce3f42b0..., userDataDir: C:\Users\Mesut\AppData\Loca...}, cssSelectorsEnabled: true, databaseEnabled: false, goog:chromeOptions: {debuggerAddress: localhost:55692}, handlesAlerts: true, hasTouchScreen: false, javascriptEnabled: true, locationContextEnabled: true, mobileEmulationEnabled: false, nativeEvents: true, networkConnectionEnabled: false, pageLoadStrategy: normal, platform: WINDOWS, platformName: WINDOWS, proxy: Proxy(), rotatable: false, setWindowRect: true, strictFileInteractability: false, takesHeapSnapshot: true, takesScreenshot: true, timeouts: {implicit: 0, pageLoad: 300000, script: 30000}, unexpectedAlertBehaviour: ignore, unhandledPromptBehavior: ignore, version: 79.0.3945.130, webStorageEnabled: true}
Session ID: f57402bec356e46997ba276a34b6a012
*** Element info: {Using=id, value=createAccountNameInput}
</error>
  </testcase>
  <testcase name="Scenario: This scenario checks if the user can navigate from the start page to the Registration-Form" classname="Scenario: This scenario checks if the user can navigate from the start page to the Registration-Form" time="0.016">
    <error message="no such element: Unable to locate element: {&quot;method&quot;:&quot;id&quot;,&quot;selector&quot;:&quot;createAccountNameInput&quot;}&#10;  (Session info: chrome=79.0.3945.130)&#10;  (Driver info: OperaDriver=79.0.3945.79 (29f75ce3f42b007bd80361b0dfcfee3a13ff90b8-refs/branch-heads/3945@{#916}),platform=Windows NT 10.0.18363 x86_64) (WARNING: The server did not provide any stacktrace information)&#10;Command duration or timeout: 0 milliseconds&#10;For documentation on this error, please visit: https://www.seleniumhq.org/exceptions/no_such_element.html&#10;Build info: version: &apos;3.141.59&apos;, revision: &apos;e82be7d358&apos;, time: &apos;2018-11-14T08:17:03&apos;&#10;System info: host: &apos;MESUT&apos;, ip: &apos;192.168.56.1&apos;, os.name: &apos;Windows 10&apos;, os.arch: &apos;amd64&apos;, os.version: &apos;10.0&apos;, java.version: &apos;1.8.0_111&apos;&#10;Driver info: org.openqa.selenium.opera.OperaDriver&#10;Capabilities {acceptInsecureCerts: false, acceptSslCerts: false, applicationCacheEnabled: false, browserConnectionEnabled: false, browserName: chrome, chrome: {chromedriverVersion: 79.0.3945.79 (29f75ce3f42b0..., userDataDir: C:\Users\Mesut\AppData\Loca...}, cssSelectorsEnabled: true, databaseEnabled: false, goog:chromeOptions: {debuggerAddress: localhost:55692}, handlesAlerts: true, hasTouchScreen: false, javascriptEnabled: true, locationContextEnabled: true, mobileEmulationEnabled: false, nativeEvents: true, networkConnectionEnabled: false, pageLoadStrategy: normal, platform: WINDOWS, platformName: WINDOWS, proxy: Proxy(), rotatable: false, setWindowRect: true, strictFileInteractability: false, takesHeapSnapshot: true, takesScreenshot: true, timeouts: {implicit: 0, pageLoad: 300000, script: 30000}, unexpectedAlertBehaviour: ignore, unhandledPromptBehavior: ignore, version: 79.0.3945.130, webStorageEnabled: true}&#10;Session ID: f57402bec356e46997ba276a34b6a012&#10;*** Element info: {Using=id, value=createAccountNameInput}" type="org.openqa.selenium.NoSuchElementException">org.openqa.selenium.NoSuchElementException: 
no such element: Unable to locate element: {"method":"id","selector":"createAccountNameInput"}
  (Session info: chrome=79.0.3945.130)
  (Driver info: OperaDriver=79.0.3945.79 (29f75ce3f42b007bd80361b0dfcfee3a13ff90b8-refs/branch-heads/3945@{#916}),platform=Windows NT 10.0.18363 x86_64) (WARNING: The server did not provide any stacktrace information)
Command duration or timeout: 0 milliseconds
For documentation on this error, please visit: https://www.seleniumhq.org/exceptions/no_such_element.html
Build info: version: '3.141.59', revision: 'e82be7d358', time: '2018-11-14T08:17:03'
System info: host: 'MESUT', ip: '192.168.56.1', os.name: 'Windows 10', os.arch: 'amd64', os.version: '10.0', java.version: '1.8.0_111'
Driver info: org.openqa.selenium.opera.OperaDriver
Capabilities {acceptInsecureCerts: false, acceptSslCerts: false, applicationCacheEnabled: false, browserConnectionEnabled: false, browserName: chrome, chrome: {chromedriverVersion: 79.0.3945.79 (29f75ce3f42b0..., userDataDir: C:\Users\Mesut\AppData\Loca...}, cssSelectorsEnabled: true, databaseEnabled: false, goog:chromeOptions: {debuggerAddress: localhost:55692}, handlesAlerts: true, hasTouchScreen: false, javascriptEnabled: true, locationContextEnabled: true, mobileEmulationEnabled: false, nativeEvents: true, networkConnectionEnabled: false, pageLoadStrategy: normal, platform: WINDOWS, platformName: WINDOWS, proxy: Proxy(), rotatable: false, setWindowRect: true, strictFileInteractability: false, takesHeapSnapshot: true, takesScreenshot: true, timeouts: {implicit: 0, pageLoad: 300000, script: 30000}, unexpectedAlertBehaviour: ignore, unhandledPromptBehavior: ignore, version: 79.0.3945.130, webStorageEnabled: true}
Session ID: f57402bec356e46997ba276a34b6a012
*** Element info: {Using=id, value=createAccountNameInput}
</error>
  </testcase>
  <testcase name="Given are the following values:" classname="Scenario: Check if an account can be created" time="0.003">
    <error message="no such element: Unable to locate element: {&quot;method&quot;:&quot;name&quot;,&quot;selector&quot;:&quot;name&quot;}&#10;  (Session info: chrome=79.0.3945.130)&#10;  (Driver info: OperaDriver=79.0.3945.79 (29f75ce3f42b007bd80361b0dfcfee3a13ff90b8-refs/branch-heads/3945@{#916}),platform=Windows NT 10.0.18363 x86_64) (WARNING: The server did not provide any stacktrace information)&#10;Command duration or timeout: 0 milliseconds&#10;For documentation on this error, please visit: https://www.seleniumhq.org/exceptions/no_such_element.html&#10;Build info: version: &apos;3.141.59&apos;, revision: &apos;e82be7d358&apos;, time: &apos;2018-11-14T08:17:03&apos;&#10;System info: host: &apos;MESUT&apos;, ip: &apos;192.168.56.1&apos;, os.name: &apos;Windows 10&apos;, os.arch: &apos;amd64&apos;, os.version: &apos;10.0&apos;, java.version: &apos;1.8.0_111&apos;&#10;Driver info: org.openqa.selenium.opera.OperaDriver&#10;Capabilities {acceptInsecureCerts: false, acceptSslCerts: false, applicationCacheEnabled: false, browserConnectionEnabled: false, browserName: chrome, chrome: {chromedriverVersion: 79.0.3945.79 (29f75ce3f42b0..., userDataDir: C:\Users\Mesut\AppData\Loca...}, cssSelectorsEnabled: true, databaseEnabled: false, goog:chromeOptions: {debuggerAddress: localhost:55746}, handlesAlerts: true, hasTouchScreen: false, javascriptEnabled: true, locationContextEnabled: true, mobileEmulationEnabled: false, nativeEvents: true, networkConnectionEnabled: false, pageLoadStrategy: normal, platform: WINDOWS, platformName: WINDOWS, proxy: Proxy(), rotatable: false, setWindowRect: true, strictFileInteractability: false, takesHeapSnapshot: true, takesScreenshot: true, timeouts: {implicit: 0, pageLoad: 300000, script: 30000}, unexpectedAlertBehaviour: ignore, unhandledPromptBehavior: ignore, version: 79.0.3945.130, webStorageEnabled: true}&#10;Session ID: e61144ddc0225361f5a86dc155cd3af8&#10;*** Element info: {Using=name, value=name}" type="org.openqa.selenium.NoSuchElementException">org.openqa.selenium.NoSuchElementException: 
no such element: Unable to locate element: {"method":"name","selector":"name"}
  (Session info: chrome=79.0.3945.130)
  (Driver info: OperaDriver=79.0.3945.79 (29f75ce3f42b007bd80361b0dfcfee3a13ff90b8-refs/branch-heads/3945@{#916}),platform=Windows NT 10.0.18363 x86_64) (WARNING: The server did not provide any stacktrace information)
Command duration or timeout: 0 milliseconds
For documentation on this error, please visit: https://www.seleniumhq.org/exceptions/no_such_element.html
Build info: version: '3.141.59', revision: 'e82be7d358', time: '2018-11-14T08:17:03'
System info: host: 'MESUT', ip: '192.168.56.1', os.name: 'Windows 10', os.arch: 'amd64', os.version: '10.0', java.version: '1.8.0_111'
Driver info: org.openqa.selenium.opera.OperaDriver
Capabilities {acceptInsecureCerts: false, acceptSslCerts: false, applicationCacheEnabled: false, browserConnectionEnabled: false, browserName: chrome, chrome: {chromedriverVersion: 79.0.3945.79 (29f75ce3f42b0..., userDataDir: C:\Users\Mesut\AppData\Loca...}, cssSelectorsEnabled: true, databaseEnabled: false, goog:chromeOptions: {debuggerAddress: localhost:55746}, handlesAlerts: true, hasTouchScreen: false, javascriptEnabled: true, locationContextEnabled: true, mobileEmulationEnabled: false, nativeEvents: true, networkConnectionEnabled: false, pageLoadStrategy: normal, platform: WINDOWS, platformName: WINDOWS, proxy: Proxy(), rotatable: false, setWindowRect: true, strictFileInteractability: false, takesHeapSnapshot: true, takesScreenshot: true, timeouts: {implicit: 0, pageLoad: 300000, script: 30000}, unexpectedAlertBehaviour: ignore, unhandledPromptBehavior: ignore, version: 79.0.3945.130, webStorageEnabled: true}
Session ID: e61144ddc0225361f5a86dc155cd3af8
*** Element info: {Using=name, value=name}
</error>
    <system-err><![CDATA[Starting OperaDriver 79.0.3945.79 (29f75ce3f42b007bd80361b0dfcfee3a13ff90b8-refs/branch-heads/3945@{#916}) on port 19664
Only local connections are allowed.
Please protect ports used by ChromeDriver and related test frameworks to prevent access by malicious code.
Mär 02, 2020 1:57:40 PM org.openqa.selenium.remote.ProtocolHandshake createSession
INFORMATION: Detected dialect: OSS
]]></system-err>
  </testcase>
  <testcase name="Scenario: Check if an account can be created" classname="Scenario: Check if an account can be created" time="0.005">
    <error message="no such element: Unable to locate element: {&quot;method&quot;:&quot;name&quot;,&quot;selector&quot;:&quot;name&quot;}&#10;  (Session info: chrome=79.0.3945.130)&#10;  (Driver info: OperaDriver=79.0.3945.79 (29f75ce3f42b007bd80361b0dfcfee3a13ff90b8-refs/branch-heads/3945@{#916}),platform=Windows NT 10.0.18363 x86_64) (WARNING: The server did not provide any stacktrace information)&#10;Command duration or timeout: 0 milliseconds&#10;For documentation on this error, please visit: https://www.seleniumhq.org/exceptions/no_such_element.html&#10;Build info: version: &apos;3.141.59&apos;, revision: &apos;e82be7d358&apos;, time: &apos;2018-11-14T08:17:03&apos;&#10;System info: host: &apos;MESUT&apos;, ip: &apos;192.168.56.1&apos;, os.name: &apos;Windows 10&apos;, os.arch: &apos;amd64&apos;, os.version: &apos;10.0&apos;, java.version: &apos;1.8.0_111&apos;&#10;Driver info: org.openqa.selenium.opera.OperaDriver&#10;Capabilities {acceptInsecureCerts: false, acceptSslCerts: false, applicationCacheEnabled: false, browserConnectionEnabled: false, browserName: chrome, chrome: {chromedriverVersion: 79.0.3945.79 (29f75ce3f42b0..., userDataDir: C:\Users\Mesut\AppData\Loca...}, cssSelectorsEnabled: true, databaseEnabled: false, goog:chromeOptions: {debuggerAddress: localhost:55746}, handlesAlerts: true, hasTouchScreen: false, javascriptEnabled: true, locationContextEnabled: true, mobileEmulationEnabled: false, nativeEvents: true, networkConnectionEnabled: false, pageLoadStrategy: normal, platform: WINDOWS, platformName: WINDOWS, proxy: Proxy(), rotatable: false, setWindowRect: true, strictFileInteractability: false, takesHeapSnapshot: true, takesScreenshot: true, timeouts: {implicit: 0, pageLoad: 300000, script: 30000}, unexpectedAlertBehaviour: ignore, unhandledPromptBehavior: ignore, version: 79.0.3945.130, webStorageEnabled: true}&#10;Session ID: e61144ddc0225361f5a86dc155cd3af8&#10;*** Element info: {Using=name, value=name}" type="org.openqa.selenium.NoSuchElementException">org.openqa.selenium.NoSuchElementException: 
no such element: Unable to locate element: {"method":"name","selector":"name"}
  (Session info: chrome=79.0.3945.130)
  (Driver info: OperaDriver=79.0.3945.79 (29f75ce3f42b007bd80361b0dfcfee3a13ff90b8-refs/branch-heads/3945@{#916}),platform=Windows NT 10.0.18363 x86_64) (WARNING: The server did not provide any stacktrace information)
Command duration or timeout: 0 milliseconds
For documentation on this error, please visit: https://www.seleniumhq.org/exceptions/no_such_element.html
Build info: version: '3.141.59', revision: 'e82be7d358', time: '2018-11-14T08:17:03'
System info: host: 'MESUT', ip: '192.168.56.1', os.name: 'Windows 10', os.arch: 'amd64', os.version: '10.0', java.version: '1.8.0_111'
Driver info: org.openqa.selenium.opera.OperaDriver
Capabilities {acceptInsecureCerts: false, acceptSslCerts: false, applicationCacheEnabled: false, browserConnectionEnabled: false, browserName: chrome, chrome: {chromedriverVersion: 79.0.3945.79 (29f75ce3f42b0..., userDataDir: C:\Users\Mesut\AppData\Loca...}, cssSelectorsEnabled: true, databaseEnabled: false, goog:chromeOptions: {debuggerAddress: localhost:55746}, handlesAlerts: true, hasTouchScreen: false, javascriptEnabled: true, locationContextEnabled: true, mobileEmulationEnabled: false, nativeEvents: true, networkConnectionEnabled: false, pageLoadStrategy: normal, platform: WINDOWS, platformName: WINDOWS, proxy: Proxy(), rotatable: false, setWindowRect: true, strictFileInteractability: false, takesHeapSnapshot: true, takesScreenshot: true, timeouts: {implicit: 0, pageLoad: 300000, script: 30000}, unexpectedAlertBehaviour: ignore, unhandledPromptBehavior: ignore, version: 79.0.3945.130, webStorageEnabled: true}
Session ID: e61144ddc0225361f5a86dc155cd3af8
*** Element info: {Using=name, value=name}
</error>
  </testcase>
  <testcase name="When The button Create was clicked with these values" classname="Scenario: Check if an account can be created" time="0">
    <skipped/>
  </testcase>
  <testcase name="Then a new user should exist." classname="Scenario: Check if an account can be created" time="0">
    <skipped/>
  </testcase>
  <testcase name="Given a logged-in user" classname="Scenario: Check if a new profile can be created within an account." time="0">
    <skipped/>
  </testcase>
  <testcase name="When a new profile called &quot;Test Child&quot; is created" classname="Scenario: Check if a new profile can be created within an account." time="0">
    <skipped/>
  </testcase>
  <testcase name="Then a new profile should be available" classname="Scenario: Check if a new profile can be created within an account." time="0">
    <skipped/>
  </testcase>
  <testcase name="Scenario: Check if a new profile can be created within an account." classname="Scenario: Check if a new profile can be created within an account." time="0">
    <skipped/>
  </testcase>
  <testcase name="Scenario: Check if a new profile can be created within an account." classname="Scenario: Check if a new profile can be created within an account." time="0.001"/>
  <testcase name="Given a logged-in user" classname="Scenario: Check if User can add multiple profiles." time="0">
    <skipped/>
  </testcase>
  <testcase name="And a existing profile" classname="Scenario: Check if User can add multiple profiles." time="0">
    <skipped/>
  </testcase>
  <testcase name="When a new profile called &quot;Second Child&quot; is created" classname="Scenario: Check if User can add multiple profiles." time="0">
    <skipped/>
  </testcase>
  <testcase name="Then a new profile should be available" classname="Scenario: Check if User can add multiple profiles." time="0">
    <skipped/>
  </testcase>
  <testcase name="Scenario: Check if User can add multiple profiles." classname="Scenario: Check if User can add multiple profiles." time="0">
    <skipped/>
  </testcase>
  <testcase name="Scenario: Check if User can add multiple profiles." classname="Scenario: Check if User can add multiple profiles." time="0.004"/>
  <testcase name="Given a existing User in Database" classname="Scenario: Check if a existing User can Login." time="0">
    <skipped/>
  </testcase>
  <testcase name="When User types in his credentials" classname="Scenario: Check if a existing User can Login." time="0">
    <skipped/>
  </testcase>
  <testcase name="Then he should logged in" classname="Scenario: Check if a existing User can Login." time="0">
    <skipped/>
  </testcase>
  <testcase name="Scenario: Check if a existing User can Login." classname="Scenario: Check if a existing User can Login." time="0">
    <skipped/>
  </testcase>
  <testcase name="Scenario: Check if a existing User can Login." classname="Scenario: Check if a existing User can Login." time="0"/>
  <testcase name="Given a logged-in user" classname="Scenario: Check if User can add new Stories" time="0">
    <skipped/>
  </testcase>
  <testcase name="When User adds new Storie Titles" classname="Scenario: Check if User can add new Stories" time="0">
    <skipped/>
  </testcase>
  <testcase name="Then the new Stories should be available in the &quot;story-menu&quot; section" classname="Scenario: Check if User can add new Stories" time="0">
    <skipped/>
  </testcase>
  <testcase name="Scenario: Check if User can add new Stories" classname="Scenario: Check if User can add new Stories" time="0">
    <skipped/>
  </testcase>
  <testcase name="Scenario: Check if User can add new Stories" classname="Scenario: Check if User can add new Stories" time="0"/>
  <testcase name="Given a logged-in user" classname="Scenario: Testing the possibility to change the font size" time="0">
    <skipped/>
  </testcase>
  <testcase name="When User changes Font-Size to 14px" classname="Scenario: Testing the possibility to change the font size" time="0">
    <skipped/>
  </testcase>
  <testcase name="Then Font size is 14px" classname="Scenario: Testing the possibility to change the font size" time="0">
    <skipped/>
  </testcase>
  <testcase name="Scenario: Testing the possibility to change the font size" classname="Scenario: Testing the possibility to change the font size" time="0">
    <skipped/>
  </testcase>
  <testcase name="Scenario: Testing the possibility to change the font size" classname="Scenario: Testing the possibility to change the font size" time="0"/>
  <testcase name="Given a logged-in user" classname="Scenario: Testing if user can switch the selected language" time="0">
    <skipped/>
  </testcase>
  <testcase name="When User changes the Language from &quot;de&quot; to &quot;en&quot;" classname="Scenario: Testing if user can switch the selected language" time="0">
    <skipped/>
  </testcase>
  <testcase name="Then the Application should be in English" classname="Scenario: Testing if user can switch the selected language" time="0">
    <skipped/>
  </testcase>
  <testcase name="Scenario: Testing if user can switch the selected language" classname="Scenario: Testing if user can switch the selected language" time="0">
    <skipped/>
  </testcase>
  <testcase name="Scenario: Testing if user can switch the selected language" classname="Scenario: Testing if user can switch the selected language" time="0"/>
  <testcase name="Given a logged-in user" classname="Scenario: Testing if user can Log out" time="0">
    <skipped/>
  </testcase>
  <testcase name="When user types in his pin under &quot;my Account&quot;" classname="Scenario: Testing if user can Log out" time="0">
    <skipped/>
  </testcase>
  <testcase name="And clicks on Logout in the next page" classname="Scenario: Testing if user can Log out" time="0">
    <skipped/>
  </testcase>
  <testcase name="Then the TaleTime startpage should appear." classname="Scenario: Testing if user can Log out" time="0">
    <skipped/>
  </testcase>
  <testcase name="Scenario: Testing if user can Log out" classname="Scenario: Testing if user can Log out" time="0">
    <skipped/>
  </testcase>
  <testcase name="Scenario: Testing if user can Log out" classname="Scenario: Testing if user can Log out" time="0.001"/>
  <testcase name="Given a logged-in user" classname="Scenario: Testing if user can delete his account" time="0">
    <skipped/>
  </testcase>
  <testcase name="When user typed in hin pin under &quot;myAccount&quot;" classname="Scenario: Testing if user can delete his account" time="0">
    <skipped/>
  </testcase>
  <testcase name="And clicks on delete account" classname="Scenario: Testing if user can delete his account" time="0">
    <skipped/>
  </testcase>
  <testcase name="Then he should not able to login again" classname="Scenario: Testing if user can delete his account" time="0">
    <skipped/>
  </testcase>
  <testcase name="Scenario: Testing if user can delete his account" classname="Scenario: Testing if user can delete his account" time="0">
    <skipped/>
  </testcase>
  <testcase name="Scenario: Testing if user can delete his account" classname="Scenario: Testing if user can delete his account" time="0.001"/>
</testsuite>